  % Total    % Received % Xferd  Average Speed   Time    Time     Time  Current
                                 Dload  Upload   Total   Spent    Left  Speed
  0     0    0     0    0     0      0      0 --:--:-- --:--:-- --:--:--     0*   Trying 18.191.241.52...
* TCP_NODELAY set
* Connected to ec2-18-191-241-52.us-east-2.compute.amazonaws.com (18.191.241.52) port 80 (#0)
> GET /accounts/login/ HTTP/1.1
> Host: ec2-18-191-241-52.us-east-2.compute.amazonaws.com
> User-Agent: curl/7.58.0
> Accept: */*
> 
< HTTP/1.1 200 OK
< Server: nginx/1.18.0 (Ubuntu)
< Date: Wed, 30 Sep 2020 04:36:03 GMT
< Content-Type: text/html; charset=utf-8
< Content-Length: 644
< Connection: keep-alive
< 
{ [644 bytes data]
100   644  100   644    0     0   4472      0 --:--:-- --:--:-- --:--:--  4503
* Connection #0 to host ec2-18-191-241-52.us-east-2.compute.amazonaws.com left intact
